
ROM used: 1208 (4%)
          1212 (4%) including unused fragments

          1 Average locations per line
          11 Average locations per statement

RAM used: 13 (1%) at main() level
          30 (1%) worst case

Stack used: 6 worst case (out of 31 total available)

Lines Stmts  %   Files
----- ----- ---  -----
   60    22  20  BluetoothPic2.c
  371     0   0  C:\Program Files\PICC\devices\18F2550.h
  133     0   0  C:\Program Files\PICC\drivers\usb_bootloader.h
  338    67  61  C:\Program Files\PICC\drivers\lcd.c
   69    21  19  alux.h
----- -----
  971   110 Total

Page ROM  %  RAM   Vol Diff  Functions:
---- --- --- ---   --- ----  ----------
0     40   2   1             @delay_ms1
0     20   1   0             @const67
0     70   3   3   587  6.0  lcd_read_byte
0     12   0   0    59  4.2  lcd_read_nibble
0     32   1   1   172  3.4  lcd_send_nibble
0     52   2   3   317  4.3  lcd_send_byte
0     96   4   2   624  5.8  lcd_init
0     34   1   4   186  5.5  lcd_gotoxy
0     68   3   1   272  4.1  lcd_putc
0     80   3   2   259  3.2  Alux_ADC_1
0     10   0   1             @PUTCHAR_BIU_1
0     24   1   0             @GETCH_BIU_1
0    254  11   6   618  4.7  MAIN
0     28   1   0             @const127
0    180   7   9             @PRINTF_LU_84
0     24   1   0             @const133
0    180   7   9             @PRINTF_LU_116

Program metrics:
    Functions               9
    Statements              110
    Comments                274
    Volume (V)              4833
    Difficilty (D)          39.4
    Effort to implement (E) 190190
    Time to implement (T)   2 hours, 56 minutes
    Est Delivered Bugs (B)  1
    Cyclomatic Complexity   10
    Maintainability (MI)    136

 Segment     Used  Free
-----------  ----  ----
00000-01FFE     0  8192  
02000-02006     4  4  
02008-07FFE  1204  23364  



