
ROM used: 5690 (17%)
          5694 (17%) including unused fragments

          1 Average locations per line
          5 Average locations per statement

RAM used: 429 (21%) at main() level
          474 (23%) worst case

Stack used: 17 worst case (out of 31 total available)

Lines Stmts  %   Files
----- ----- ---  -----
   78    43   4  PROGRAMA2_CDCLBV.c
  392     0   0  C:\Archivos de programa\PICC\devices\18F2550.h
   12     0   0  microchip_bootloader.h
  538   109  10  C:\Archivos de programa\PICC\drivers\usb_cdc.h
  222     0   0  C:\Archivos de programa\PICC\drivers\pic18_usb.h
  328     0   0  C:\Archivos de programa\PICC\drivers\usb_hw_layer.h
  279     0   0  C:\Archivos de programa\PICC\drivers\usb_desc_cdc.h
 1063     0   0  C:\Archivos de programa\PICC\drivers\usb.h
  808   237  22  C:\Archivos de programa\PICC\drivers\usb.c
 1281   320  30  C:\Archivos de programa\PICC\drivers\pic18_usb.c
   28     0   0  C:\Archivos de programa\PICC\drivers\ctype.h
   75    10   1  micdc.h
  409     0   0  C:\Archivos de programa\PICC\drivers\string.h
   28     0   0  C:\Archivos de programa\PICC\drivers\stddef.h
 1273   359  33  C:\Archivos de programa\PICC\drivers\stdlib.h
----- -----
 6814  1078 Total

Page ROM  %  RAM   Vol Diff  Functions:
---- --- --- ---   --- ----  ----------
0     40   0   1             @delay_ms1
0     32   0   0             @const178
0     32   0   0             @const180
0     48   0   0             @const182
0     66   1   0             @const184
0     84   1   0             @const186
0     18   0   0             @const188
0     24   0   0             @const190
0     34   0   0             @const194
0     52   0   0             @const197
0     30   0   5             @MUL1616
0     78   1   3   133  4.3  usb_tbe
0     34   0   1   134  2.5  usb_detach
0     34   0   0   136  2.2  usb_attach
0      6   0   0    16  1.0  usb_init_cs
0     36   0   1   346  4.6  usb_task
0    266   2   7  1083  5.4  usb_flush_in
0    156   1  10   320  5.5  usb_put_packet
0    236   2   7   899  4.9  usb_flush_out
0     60   1   3    61  2.6  usb_rx_packet_size
0     90   1   4   251  4.6  usb_stall_ep
0     88   1   4   258  4.6  usb_unstall_ep
0    106   1   5   360  5.8  usb_endpoint_stalled
0     22   0   1    88  2.7  usb_set_address
0    478   4  10  1722  9.8  usb_set_configured
0     96   1   3   192  3.2  usb_disable_endpoint
0     22   0   1    93  2.9  usb_disable_endpoints
0      4   0   0    39  2.0  usb_clear_trn
0    126   1   2   638  6.6  usb_isr
0      6   0   0    43  2.0  usb_isr_sof
0     42   0   0   357  4.2  usb_isr_rst
0     32   0   0   508  4.0  usb_init_ep0_setup
0      8   0   0    74  2.8  usb_isr_uerr
0     10   0   0    82  2.8  usb_isr_uidle
0     16   0   0   102  3.3  usb_isr_activity
0     14   0   0   151  3.9  usb_isr_stall
0      6   0   1    30  1.7  usb_request_send_response
0      6   0   0    22  1.2  usb_request_get_data
0      6   0   0    22  1.2  usb_request_stall
0    396   3   5  2031  7.9  usb_isr_tok_dne
0     40   0   3   248  4.0  usb_token_reset
0     88   1   3   267  5.9  usb_endpoint_is_valid
0     34   0   1   204  3.1  usb_isr_tok_in_dne
0     18   0   1   108  2.5  usb_isr_tok_out_dne
0     52   0   0   336  5.5  usb_isr_tok_setup_dne
0    166   1   0  1454  8.3  usb_isr_tkn_setup_StandardDevice
0    152   1   3   930  7.7  usb_isr_tkn_setup_StandardInterface
0     96   1   0   753  5.8  usb_isr_tkn_setup_StandardEndpoint
0    176   2   1  1088  8.7  usb_Get_Descriptor
0     14   0   0    76  1.8  usb_finish_set_address
0    132   1   4   591  8.6  usb_copy_desc_seg_to_ep
0     92   1   0   401  6.1  usb_isr_tok_out_cdc_control_dne
0    164   1   0  1121  8.3  usb_isr_tkn_cdc
0     18   0   0   119  2.6  usb_isr_tok_out_cdc_data_dne
0     10   0   0    30  1.5  usb_isr_tok_in_cdc_data_dne
0     30   0   0    86  2.1  usb_cdc_flush_out_buffer
0     34   0   0   255  2.3  usb_cdc_init
0     26   0   0    59  2.3  usb_cdc_get_discard
0     42   0   2   216  5.7  usb_cdc_getc
0     86   1   4   272  4.6  usb_cdc_putc_fast
0     56   0   1   134  1.6  usb_cdc_putc
0     82   1   6             @MULS1616
0    490   4  11  1817 10.4  atol
0    130   1  11   384  7.3  DATO_TXT_NUM
0    264   2   9  1173  6.7  MAIN
0     20   0   0             @const700
0     32   0   2             @PSTRINGC_68
0     20   0   0             @const702
0     20   0   0             @const703
0     20   0   0             @const704

Program metrics:
    Functions               53
    Statements              1078
    Comments                3817
    Volume (V)              41756
    Difficilty (D)          239.0
    Effort to implement (E) 9981540
    Time to implement (T)   154 hours, 2 minutes
    Est Delivered Bugs (B)  15
    Cyclomatic Complexity   137
    Maintainability (MI)    114

 Segment     Used  Free
-----------  ----  ----
00000-00FFE     0  4096  
01000-01006     4  4  
01008-01094   142  0  
01096-07FFE  5544  22978  



