
ROM used: 6560 (27%)
          6564 (27%) including unused fragments

          1 Average locations per line
          5 Average locations per statement

RAM used: 866 (42%) at main() level
          908 (44%) worst case

Stack used: 14 worst case (out of 31 total available)

Lines Stmts  %   Files
----- ----- ---  -----
  238   286  23  VDriveProbasico1.c
  380     0   0  C:\Program Files\PICC\devices\18F2455.h
  133     0   0  C:\Program Files\PICC\drivers\usb_bootloader.h
  409   121  10  C:\Program Files\PICC\drivers\string.h
   28     0   0  C:\Program Files\PICC\drivers\stddef.h
   28    83   7  C:\Program Files\PICC\drivers\ctype.h
  446    92   7  lcd1.c
  279     0   0  C:\Program Files\PICC\drivers\usb_desc_cdc.h
 1046     0   0  C:\Program Files\PICC\drivers\usb.h
  538   112   9  C:\Program Files\PICC\drivers\usb_cdc.h
  222     0   0  C:\Program Files\PICC\drivers\pic18_usb.h
  328     0   0  C:\Program Files\PICC\drivers\usb_hw_layer.h
  799   235  19  C:\Program Files\PICC\drivers\usb.c
 1273   318  26  C:\Program Files\PICC\drivers\pic18_usb.c
----- -----
 6147  1247 Total

Page ROM  %  RAM   Vol Diff  Functions:
---- --- --- ---   --- ----  ----------
0     42   0   1             @delay_ms1
0     60   0   5   129  4.6  strlen
0     30   0   0             @const160
0     74   1   3   587  6.0  lcd_read_byte
0     12   0   0    59  4.2  lcd_read_nibble
0     36   0   1   172  3.4  lcd_send_nibble
0     70   1   3   447  4.6  lcd_send_byte
0    126   1   2   629  6.0  lcd_init
0     38   0   4   191  5.8  lcd_gotoxy
0    110   1   1   354  4.7  lcd_putc
0    224   2  13   643  4.4  Display_Dato
0     32   0   0             @const230
0     32   0   0             @const232
0     48   0   0             @const234
0     48   0   0             @const236
0     84   1   0             @const238
0     18   0   0             @const240
0     24   0   0             @const242
0     34   0   0             @const246
0     52   0   0             @const249
0     68   1   3   133  4.3  usb_tbe
0    220   2   7  1083  5.4  usb_flush_in
0    148   1  10   320  5.5  usb_put_packet
0    202   2   7   899  4.9  usb_flush_out
0     50   0   3    61  2.6  usb_rx_packet_size
0     74   1   4   251  4.6  usb_stall_ep
0     72   1   4   258  4.6  usb_unstall_ep
0     90   1   5   360  5.8  usb_endpoint_stalled
0     26   0   1    88  2.7  usb_set_address
0    466   4  10  1722  9.8  usb_set_configured
0     70   1   3   158  2.7  usb_disable_endpoint
0     30   0   1    93  2.9  usb_disable_endpoints
0      4   0   0    39  2.0  usb_clear_trn
0    136   1   2   638  6.6  usb_isr
0      6   0   0    43  2.0  usb_isr_sof
0     42   0   0   357  4.2  usb_isr_rst
0     32   0   0   508  4.0  usb_init_ep0_setup
0      8   0   0    74  2.8  usb_isr_uerr
0     10   0   0    82  2.8  usb_isr_uidle
0     16   0   0   102  3.3  usb_isr_activity
0     14   0   0   151  3.9  usb_isr_stall
0      6   0   1    30  1.7  usb_request_send_response
0      6   0   0    22  1.2  usb_request_get_data
0      6   0   0    22  1.2  usb_request_stall
0    378   3   5  2031  7.9  usb_isr_tok_dne
0     46   0   3   248  4.0  usb_token_reset
0     90   1   3   213  5.4  usb_endpoint_is_valid
0     50   0   1   204  3.1  usb_isr_tok_in_dne
0     30   0   1   108  2.5  usb_isr_tok_out_dne
0     50   0   0   336  5.5  usb_isr_tok_setup_dne
0    182   1   0  1454  8.3  usb_isr_tkn_setup_StandardDevice
0    168   1   3   930  7.7  usb_isr_tkn_setup_StandardInterface
0    106   1   0   753  5.8  usb_isr_tkn_setup_StandardEndpoint
0    192   1   1  1088  8.7  usb_Get_Descriptor
0     14   0   0    76  1.8  usb_finish_set_address
0    160   1   4   591  8.6  usb_copy_desc_seg_to_ep
0    112   1   0   477  6.1  usb_isr_tok_out_cdc_control_dne
0    174   1   0  1121  8.3  usb_isr_tkn_cdc
0     22   0   0   119  2.6  usb_isr_tok_out_cdc_data_dne
0     10   0   0    30  1.5  usb_isr_tok_in_cdc_data_dne
0     36   0   0    86  2.1  usb_cdc_flush_out_buffer
0     36   0   0   255  2.3  usb_cdc_init
0     14   0   1             @PUTCHAR_BIU_1
0     24   0   0             @GETCH_BIU_1
0    156   1   2   453  5.6  ObtenerDato
0   1286  10   1  1370  1.9  MAIN
0     38   0   0             @const612
0     36   0   0             @const613

Program metrics:
    Functions               53
    Statements              1247
    Comments                3749
    Volume (V)              42788
    Difficilty (D)          237.8
    Effort to implement (E) 10175054
    Time to implement (T)   157 hours, 1 minutes
    Est Delivered Bugs (B)  16
    Cyclomatic Complexity   125
    Maintainability (MI)    107

 Segment     Used  Free
-----------  ----  ----
00000-01FFE     0  8192  
02000-02006     4  4  
02008-0209C   150  0  
0209E-05FFE  6406  9820  



