
ROM used: 18986 (58%)
          18988 (58%) including unused fragments

          1 Average locations per line
          12 Average locations per statement

RAM used: 422 (21%) at main() level
          605 (30%) worst case

Stack used: 11 worst case (out of 31 total available)

Lines Stmts  %   Files
----- ----- ---  -----
  253    79   5  ex13.c
  170    26   2  ccstcpip.h
  371     0   0  C:\Program Files\PICC\devices\18F2550.h
  548    67   4  tcpip\stacktsk.c
  538     0   0  tcpip\stacktsk.h
  253     0   0  tcpip\pic18.h
  189     0   0  tcpip\hardware.h
  409     0   0  C:\Program Files\PICC\drivers\string.h
   28     0   0  C:\Program Files\PICC\drivers\stddef.h
   28     0   0  C:\Program Files\PICC\drivers\ctype.h
 1273   359  22  C:\Program Files\PICC\drivers\stdlib.h
  279    49   3  tcpip\helpers.c
   65     0   0  tcpip\helpers.h
  222     0   0  tcpip\mac.h
  538     0   0  tcpip\StackTsk.h
  726     0   0  tcpip\ENC28J60.h
  155    15   1  tcpip\tick.c
  148     0   0  tcpip\tick.h
 2226   328  20  tcpip\enc28j60.c
   65     0   0  tcpip\Helpers.h
  222     0   0  tcpip\MAC.h
  307    39   2  tcpip\ip.c
  258     0   0  tcpip\ip.h
 1936   574  35  tcpip\tcp.c
  408     0   0  tcpip\tcp.h
  257    31   2  tcpip\icmp.c
  151     0   0  tcpip\icmp.h
  213    31   2  tcpip\arptsk.c
  118     0   0  tcpip\arp.h
  128     0   0  tcpip\arptsk.h
  243    52   3  tcpip\arp.c
----- -----
12725  1650 Total

Page ROM  %  RAM   Vol Diff  Functions:
---- --- --- ---   --- ----  ----------
0     44   0   1             @delay_ms1
0     60   0   5   129  4.6  strlen
0     92   0  14             @MUL3232
0    116   0   4   101  3.8  rand
0     72   0   5             @DIV1616
0     20   0   4    39  2.1  srand
0     22   0   4   178  3.0  swaps
0     34   0   8   325  3.2  swapl
0    238   1  20   989  9.4  CalcIPChecksum
0     22   0   0   138  2.9  TickInit
0     26   0   2    86  2.1  TickGet
0     32   0   0   230  1.8  Tick_Isr
0     30   0   1   200  3.1  ENCSPIInit
0     16   0   1    38  1.4  ENCSPIXfer
0    462   1   2  3878 11.2  MACInit
0     42   0   2    91  2.7  MACIsTxReady
0     42   0   2   118  3.9  MACGetTxBuffer
0      2   0   1    22  1.0  MACDiscardTx
0    102   0   2   636  7.5  MACDiscardRx
0    282   1   6  1307  9.3  MACGetFreeRxSize
0    312   1  26  1894 10.6  MACGetHeader
0    206   1   8   989  9.0  MACPutHeader
0    552   1   2  2697 11.5  MACFlush
0    126   0   6   692  7.2  MACSetRxBuffer
0    170   0   6   576  6.5  MACSetTxBuffer
0    264   1   8  1582  9.2  MACCalcRxChecksum
0    216   1   8   908  8.1  MACCalcTxChecksum
0    344   1   6  1772 10.9  CalcIPBufferChecksum
0     40   0   1   151  2.9  MACGet
0     92   0   8   281  5.5  MACGetArray
0     26   0   1   110  2.1  MACPut
0     74   0   5   187  4.4  MACPutArray
0     18   0   0    84  2.0  SendSystemReset
0     38   0   3   158  3.1  ReadETHReg
0     46   0   3   183  3.0  ReadMACReg
0    158   0   4   444  4.3  ReadPHYReg
0     26   0   3   123  2.8  WriteReg
0     26   0   3   123  2.8  BFCReg
0     26   0   3   123  2.8  BFSReg
0    150   0   6   322  4.7  WritePHYReg
0     54   0   5   149  4.7  BankSel
0    160   0   5   647  6.3  MACSetDuplex
0    232   1  32   857  7.7  IPGetHeader
0    300   1  29  1184  7.5  IPPutHeader
0     26   0   4    33  1.7  IPSetRxBuffer
0    224   1   6   183  1.9  SwapIPHeader
0    322   1   5  1194  8.7  TCPInit
0    534   1  22  1228 10.1  TCPConnect
0     42   0   3    53  3.0  TCPIsConnected
0    318   1  17   497  6.9  TCPDisconnect
0    460   1  20   635  7.1  TCPFlush
0    160   0   3   197  4.0  TCPIsPutReady
0    254   1   7   414  7.3  TCPPutAvailable
0    430   1  13   952 11.0  TCPPutArray
0     80   0   5   200  5.1  TCPDiscard
0    214   1   7   506  6.9  TCPGet
0     46   0   3    52  2.6  TCPIsGetReady
0   1182   3  22  3595 15.7  TCPTick
0     54   0   0             @goto12122
0    436   1  46  1562  9.6  TCPProcess
0    562   1  58  3289 11.6  TransmitTCP
0    478   1  12  1233  9.4  FindMatching_TCP_Socket
0    550   1   8   409  2.9  SwapTCPHeader
0    260   1   4   723  5.3  CloseSocket
0   2772   7  36  7845 13.9  HandleTCPSeg
0    222   1  89   711  7.5  ICMPGet
0    278   1  87  1247  7.7  ICMPPut
0    224   1   6   203  2.0  SwapICMPPacket
0     32   0   0   414  2.8  ARPInit
0    146   0  11   511  8.0  ARPProcess
0     64   0  12   101  3.1  ARPResolve
0    122   0   6   251  3.8  ARPIsResolved
0    226   1  34   803  7.6  ARPGet
0    398   1  36  1689  7.9  ARPPut
0    212   1   6   210  2.8  SwapARPPacket
0     18   0   0   146  2.1  StackInit
0    422   1   8  2553 10.4  StackTask
0     50   0   0             @goto12618
0     46   0   1   268  3.2  init_user_io
0     26   0   0   333  2.8  MACAddrInit
0     42   0   0   751  2.9  IPAddrInit
0    190   1  24   552  6.7  TCPConnectedTask
0     38   0   0             @const1400
0     32   0   1             @SPRINTF
0     44   0   3             @DIV88
0    126   0   2             @PRINTF_U_1402
0    596   2   5  2674 10.6  MyTCPTask
0     52   0   0             @goto12763
0     22   0   0   163  2.7  ServerAddrInit
0    388   1   0   109  1.6  main

Program metrics:
    Functions               80
    Statements              1650
    Comments                10350
    Volume (V)              116210
    Difficilty (D)          462.6
    Effort to implement (E) 53764415
    Time to implement (T)   829 hours, 42 minutes
    Est Delivered Bugs (B)  47
    Cyclomatic Complexity   178
    Maintainability (MI)    36

 Segment     Used  Free
-----------  ----  ----
00000-00002     4  0  
00004-00006     2  2  
00008-0009C   150  0  
0009E-07FFE  18830  13780  



