
ROM used: 39870 (61%)
          39872 (61%) including unused fragments

          2 Average locations per line
          14 Average locations per statement

RAM used: 863 (22%) at main() level
          1046 (26%) worst case

Stack used: 12 worst case (out of 31 total available)

Lines Stmts  %   Files
----- ----- ---  -----
  416   110   4  ex_st_email.c
  436     0   0  ..\Program Files\PICC\devices\18f4620.h
  548    90   3  tcpip\stacktsk.c
  538     0   0  tcpip\stacktsk.h
  253     0   0  tcpip\pic18.h
  189     0   0  tcpip\hardware.h
  409     0   0  ..\Program Files\PICC\drivers\string.h
   28     0   0  ..\Program Files\PICC\drivers\stddef.h
   28     0   0  ..\Program Files\PICC\drivers\ctype.h
 1273   359  13  ..\Program Files\PICC\drivers\stdlib.h
  279    49   2  tcpip\helpers.c
   65     0   0  tcpip\helpers.h
  222     0   0  tcpip\mac.h
  538     0   0  tcpip\StackTsk.h
  726     0   0  tcpip\ENC28J60.h
  155    15   1  tcpip\tick.c
  148     0   0  tcpip\tick.h
 2226   328  12  tcpip\enc28j60.c
   65     0   0  tcpip\Helpers.h
  222     0   0  tcpip\MAC.h
  359     0   0  tcpip\udp.h
  172     0   0  tcpip\dhcp.h
   28     0   0  tcpip\smtp.h
   45     0   0  tcpip\dns.h
  307    39   1  tcpip\ip.c
  258     0   0  tcpip\ip.h
 1936   574  20  tcpip\tcp.c
  408     0   0  tcpip\tcp.h
  257    31   1  tcpip\icmp.c
  151     0   0  tcpip\icmp.h
  696   134   5  tcpip\udp.c
  832   302  11  tcpip\dhcp.c
  213    31   1  tcpip\arptsk.c
  118     0   0  tcpip\arp.h
  128     0   0  tcpip\arptsk.h
  243    52   2  tcpip\arp.c
  411   207   7  tcpip\smtp.c
  366   134   5  tcpip\dns.c
  359     0   0  tcpip\UDP.h
  148     0   0  tcpip\Tick.h
  118     0   0  tcpip\ARP.h
  128     0   0  tcpip\ARPTsk.h
   45     0   0  tcpip\DNS.h
  732   132   5  ccshelper.c
  163    66   2  tcpip\mlcd.c
  146    41   1  AT25256.C
  413   154   5  ccshelperui.c
----- -----
17944  2848 Total

Page ROM  %  RAM   Vol Diff  Functions:
---- --- --- ---   --- ----  ----------
0     42   0   1             @delay_ms1
0     34   0   5             @MUL1616
0    496   1  11  1817 10.4  atol
0     94   0  14             @MUL3232
0    116   0   4   101  3.8  rand
0     72   0   5             @DIV1616
0     20   0   4    39  2.1  srand
0     22   0   4   178  3.0  swaps
0     34   0   8   325  3.2  swapl
0    246   0  20   989  9.4  CalcIPChecksum
0     22   0   0   138  2.9  TickInit
0     26   0   2    86  2.1  TickGet
0     32   0   0   230  1.8  Tick_Isr
0     28   0   1   200  3.2  ENCSPIInit
0     16   0   1    38  1.4  ENCSPIXfer
0    462   1   2  3878 11.2  MACInit
0     30   0   2    44  1.6  MACIsLinked
0     42   0   2    91  2.7  MACIsTxReady
0     42   0   2   118  3.9  MACGetTxBuffer
0      2   0   1    22  1.0  MACDiscardTx
0    106   0   2   636  7.5  MACDiscardRx
0    284   0   6  1307  9.3  MACGetFreeRxSize
0    318   0  26  1894 10.6  MACGetHeader
0    206   0   8   989  9.0  MACPutHeader
0    568   1   2  2697 11.5  MACFlush
0    126   0   6   692  7.2  MACSetRxBuffer
0    170   0   6   576  6.5  MACSetTxBuffer
0    270   0   8  1582  9.2  MACCalcRxChecksum
0    216   0   8   908  8.1  MACCalcTxChecksum
0    350   0   6  1772 10.9  CalcIPBufferChecksum
0     40   0   1   151  2.9  MACGet
0    100   0   8   281  5.5  MACGetArray
0     26   0   1   110  2.1  MACPut
0     74   0   5   187  4.4  MACPutArray
0     18   0   0    84  2.0  SendSystemReset
0     38   0   3   158  3.1  ReadETHReg
0     46   0   3   183  3.0  ReadMACReg
0    156   0   4   444  4.3  ReadPHYReg
0     26   0   3   123  2.8  WriteReg
0     26   0   3   123  2.8  BFCReg
0     26   0   3   123  2.8  BFSReg
0    150   0   6   322  4.7  WritePHYReg
0     54   0   5   149  4.7  BankSel
0    160   0   5   647  6.3  MACSetDuplex
0     20   0   1    53  1.7  UDPIsPutReady
0    236   0  32   857  7.7  IPGetHeader
0    304   0  29  1184  7.5  IPPutHeader
0     26   0   4    33  1.7  IPSetRxBuffer
0    218   0   6   183  1.9  SwapIPHeader
0    326   0   5  1194  8.7  TCPInit
0    536   1  22  1228 10.1  TCPConnect
0     44   0   3    53  3.0  TCPIsConnected
0    314   0  17   497  6.9  TCPDisconnect
0    458   1  20   635  7.1  TCPFlush
0    158   0   3   197  4.0  TCPIsPutReady
0    330   0   8   790  9.0  TCPPut
0     76   0   5   200  5.1  TCPDiscard
0    214   0   7   506  6.9  TCPGet
0     44   0   3    52  2.6  TCPIsGetReady
0   1178   1  22  3595 15.7  TCPTick
0     54   0   0             @goto12170
0    428   1  46  1562  9.6  TCPProcess
0    568   1  58  3289 11.6  TransmitTCP
0    478   1  12  1233  9.4  FindMatching_TCP_Socket
0    540   1   8   409  2.9  SwapTCPHeader
0    258   0   4   723  5.3  CloseSocket
0   2770   3  36  7845 13.9  HandleTCPSeg
0    216   0  89   711  7.5  ICMPGet
0    282   0  87  1247  7.7  ICMPPut
0    224   0   6   202  2.3  SwapICMPPacket
0     30   0   1    99  2.7  UDPInit
0    198   0  11   675  7.8  UDPOpen
0    126   0   3   165  2.5  UDPClose
0    316   0  11   823  7.8  UDPPut
0    344   0  12  1458  6.7  UDPFlush
0     70   0   3    76  2.9  UDPIsGetReady
0    282   0   4   406  6.1  UDPGet
0     96   0   2    88  2.9  UDPDiscard
0    526   1  31  2326  8.8  UDPProcess
0    420   1  14  1020  6.4  FindMatching_UDP_Socket
0     44   0   0   197  4.0  DHCPReset
0   1134   1  15  4275 13.9  DHCPTask
0     52   0   0             @goto12765
0   1248   2   9  6960 16.0  _DHCPReceive
0    500   1   2  2694  6.2  _DHCPSend
0     32   0   0   414  2.8  ARPInit
0    146   0  11   511  8.0  ARPProcess
0     62   0  12   101  3.1  ARPResolve
0    128   0   6   251  3.8  ARPIsResolved
0    230   0  34   803  7.6  ARPGet
0    408   1  36  1689  7.9  ARPPut
0    218   0   6   191  2.6  SwapARPPacket
0     92   0  10   417  6.0  SMTPConnect
0     22   0   0    33  1.5  SMTPIsFree
0     38   0   0    54  2.5  SMTPIsPutReady
0     34   0   1    74  2.7  SMTPPut
0     30   0   0    99  3.0  SMTPDisconnect
0     10   0   0    20  1.3  SMTPLastError
0     28   0   0    94  2.5  SMTPInit
0     14   0   1    42  1.7  SMTPError
0     12   0   1    33  1.7  SMTPPutCmd
0   2344   3   6  8091 11.9  SMTPTask
0     36   0   0             @const1585
0     38   0   0             @const1586
0     40   0   0             @const1587
0     74   0   0             @goto13358
0     12   0   0    38  1.4  SMTPReadResultCodeReset
0    176   0   5   648  7.1  SMTPReadResultCode
0     18   0   2    48  1.9  DNSResolve
0   1388   2  31  6253 14.5  DNSIsResolved
0     48   0   0             @goto13484
0    162   0   8   519  8.5  DNSPutString
0    152   0   4   373  5.5  DNSGetString
0     38   0   0   244  2.7  StackInit
0    552   1   8  3311 10.7  StackTask
0     52   0   0             @goto13644
0      8   0   0             @PUTCHARI_BIU_2
0     30   0   0             @const1673
0     90   0   3   422  4.3  lcd_read_byte
0     42   0   1   112  2.2  lcd_send_nibble
0     84   0   3   290  3.9  lcd_send_byte
0    140   0   2   479  5.7  lcd_init
0     42   0   4   186  5.5  lcd_gotoxy
0    100   0   1   272  4.1  lcd_putc
0     16   0   1    38  1.4  at25256_spi_exchange
0     24   0   1    78  1.3  ext_eeprom_set_status
0     40   0   1   145  3.1  ext_eeprom_ready
0     54   0   3   315  4.2  write_ext_eeprom
0     54   0   3   277  4.6  read_ext_eeprom
0     72   0   1   564  4.6  init_ext_eeprom
0     44   0   3             @DIV88
0    128   0   2             @PRINTF_U_1689
0     90   0   5   143  3.0  write_ext_eeprom_string
0     58   0   7   121  2.3  write_ext_eeprom16
0     66   0   6   211  3.8  read_ext_eeprom16
0     82   0   8   221  5.2  read_ext_eeprom_string
0    146   0  10   334  4.7  read_ext_eeprom_ip
0    168   0  10   334  4.7  write_ext_eeprom_ip
0    292   0   3   721  4.3  clear_ee
0     50   0   0             @const1751
0     64   0   0             @const1752
0     26   0   1    48  1.6  init_eeprom_defaults
0    150   0   0   243  2.3  init_smtp_settings
0    306   0   0  2567  7.0  init
0    494   1   2  1310  6.3  hardware_test
0     52   0   0             @const1765
0     32   0   0             @const1766
0     32   0   0             @const1767
0     48   0   0             @const1768
0     90   0   0             @const1771
0     62   0   0             @const1772
0     48   0   0             @const1773
0    136   0   6   166  3.0  ui_disp_ip_user
0    126   0   2             @PRINTF_U_9600_31766_31767
0    856   1   3  1619  4.8  ui_settings
0     60   0   0             @const1782
0     70   0   2             @PRINTF_X_9600_31766_31767
0     44   0   0             @const1786
0     32   0   0             @const1787
0     42   0   0             @const1788
0     32   0   0             @const1790
0     42   0   0             @const1792
0     38   0   0             @const1793
0     38   0   0             @const1794
0     34   0   0             @const1795
0     54   0   0             @const1796
0     50   0   0             @const1797
0    172   0   9             @PRINTF_LU_9600_31766_31767
0     42   0   0             @const1800
0     44   0   0             @const1801
0     48   0   0             @const1802
0     44   0   0             @const1803
0    174   0   7   793  9.5  fget_string
0     72   0   6   178  3.2  fget_int
0     32   0   1             @SPRINTF
0    136   0   2             @PRINTF_U_1815
0     82   0  10   171  3.2  fget_long
0    190   0   9             @PRINTF_LU_1815
0     80   0   7   279  3.7  fgethex
0     72   0   2             @PRINTF_X_1815
0    188   0  10   372  5.0  ui_ip_to_ee
0     38   0   0             @const1839
0    484   1   6  1093  7.1  ui_setup
0     42   0   0             @const1845
0     40   0   0             @const1846
0     48   0   0             @const1847
0     44   0   0             @const1848
0     40   0   0             @const1849
0     40   0   0             @const1850
0     36   0   0             @const1851
0     60   0   0             @const1852
0    586   1  68  1265  3.9  ui_mail_settings
0     46   0   0             @const1856
0     54   0   0             @const1857
0     34   0   0             @const1859
0     36   0   0             @const1860
0     38   0   0             @const1861
0     36   0   0             @const1862
0    174   0   1   199  1.7  ui_menu
0     50   0   0             @const1864
0     68   0   0             @const1865
0     64   0   0             @const1866
0     46   0   0             @const1867
0     44   0   0             @const1868
0     56   0   0             @const1869
0    164   0   2   467  4.0  ui_handle
0     72   0   0             @const1872
0     46   0   0             @const1873
0    654   1   4  1955 10.8  LCDTask
0     44   0   0             @const1891
0     42   0   0             @const1892
0     40   0   0             @const1893
0     36   0   0             @const1894
0     38   0   0             @const1895
0     44   0   0             @const1896
0     46   0   0             @const1897
0     48   0   0             @const1898
0     34   0   0             @const1899
0     72   0   0             @goto14370
0     36   0   0             @const1901
0     44   0   0             @const1902
0     12   0   0    21  1.5  my_smtp_send
0    796   1   4  2262 10.3  MySMTPTask
0     56   0   0             @const1907
0     56   0   0             @const1908
0     64   0   0             @const1910
0     78   0   0             @const1911
0     42   0   0             @const1912
0     82   0   0             @const1913
0     60   0   0             @const1915
0     64   0   0             @const1916
0     50   0   0             @goto14505
0      8   0   0    25  1.1  splash
0    578   1   0   236  3.2  main

Program metrics:
    Functions               143
    Statements              2848
    Comments                12781
    Volume (V)              227969
    Difficilty (D)          771.9
    Effort to implement (E) 175967165
    Time to implement (T)   2715 hours, 33 minutes
    Est Delivered Bugs (B)  105
    Cyclomatic Complexity   401
    Maintainability (MI)    127

 Segment     Used  Free
-----------  ----  ----
00000-00002     4  0  
00004-00006     2  2  
00008-0009C   150  0  
0009E-0FFFE  39714  25664  



